digraph Tree {
node [shape=box] ;
0 [label="x1 <= 3.5\ngini = 0.444\nsamples = 12\nvalue = [4, 8]"] ;
1 [label="x0 <= 2.5\ngini = 0.5\nsamples = 8\nvalue = [4, 4]"] ;
0 -> 1 [labeldistance=2.5, labelangle=45, headlabel="True"] ;
2 [label="gini = 0.0\nsamples = 3\nvalue = [3, 0]"] ;
1 -> 2 ;
3 [label="x0 <= 3.5\ngini = 0.32\nsamples = 5\nvalue = [1, 4]"] ;
1 -> 3 ;
4 [label="gini = 0.0\nsamples = 1\nvalue = [0, 1]"] ;
3 -> 4 ;
5 [label="x0 <= 4.5\ngini = 0.375\nsamples = 4\nvalue = [1, 3]"] ;
3 -> 5 ;
6 [label="x1 <= 1.5\ngini = 0.444\nsamples = 3\nvalue = [1, 2]"] ;
5 -> 6 ;
7 [label="gini = 0.0\nsamples = 1\nvalue = [0, 1]"] ;
6 -> 7 ;
8 [label="x1 <= 2.5\ngini = 0.5\nsamples = 2\nvalue = [1, 1]"] ;
6 -> 8 ;
9 [label="gini = 0.0\nsamples = 1\nvalue = [1, 0]"] ;
8 -> 9 ;
10 [label="gini = 0.0\nsamples = 1\nvalue = [0, 1]"] ;
8 -> 10 ;
11 [label="gini = 0.0\nsamples = 1\nvalue = [0, 1]"] ;
5 -> 11 ;
12 [label="gini = 0.0\nsamples = 4\nvalue = [0, 4]"] ;
0 -> 12 [labeldistance=2.5, labelangle=-45, headlabel="False"] ;
}